<?xml version="1.0" encoding="windows-1252" standalone="no"?>
<!DOCTYPE log SYSTEM "logger.dtd">
<log>
<record>
  <date>2019-08-05T09:41:17.487968400Z</date>
  <millis>1564998077487</millis>
  <nanos>968400</nanos>
  <sequence>0</sequence>
  <logger>global</logger>
  <level>CONFIG</level>
  <class>gui.Log_Test</class>
  <method>abds</method>
  <thread>1</thread>
  <message>Configuration done.</message>
</record>
<record>
  <date>2019-08-05T09:41:17.533845900Z</date>
  <millis>1564998077533</millis>
  <nanos>845900</nanos>
  <sequence>1</sequence>
  <logger>global</logger>
  <level>FINE</level>
  <class>gui.Log_Test</class>
  <method>abds</method>
  <thread>1</thread>
  <message>Finer logged</message>
</record>
<record>
  <date>2019-08-05T09:41:17.533845900Z</date>
  <millis>1564998077533</millis>
  <nanos>845900</nanos>
  <sequence>2</sequence>
  <logger>global</logger>
  <level>FINER</level>
  <class>gui.Log_Test</class>
  <method>abds</method>
  <thread>1</thread>
  <message>Finest example on LOGGER handler completed.</message>
</record>
</log>
